c:\users\ptx01\documents\git\cv_mask\cv_mask\cv_mask\debug\vc120.pdb
c:\users\ptx01\documents\git\cv_mask\cv_mask\cv_mask\debug\vc120.idb
c:\users\ptx01\documents\git\cv_mask\cv_mask\cv_mask\debug\color.nativecodeanalysis.xml
c:\users\ptx01\documents\git\cv_mask\cv_mask\cv_mask\debug\cvfunc.nativecodeanalysis.xml
c:\users\ptx01\documents\git\cv_mask\cv_mask\cv_mask\debug\main.nativecodeanalysis.xml
c:\users\ptx01\documents\git\cv_mask\cv_mask\cv_mask\debug\position.nativecodeanalysis.xml
c:\users\ptx01\documents\git\cv_mask\cv_mask\cv_mask\debug\position.obj
c:\users\ptx01\documents\git\cv_mask\cv_mask\cv_mask\debug\main.obj
c:\users\ptx01\documents\git\cv_mask\cv_mask\cv_mask\debug\cvfunc.obj
c:\users\ptx01\documents\git\cv_mask\cv_mask\cv_mask\debug\color.obj
c:\users\ptx01\documents\git\cv_mask\cv_mask\debug\cv_mask.ilk
c:\users\ptx01\documents\git\cv_mask\cv_mask\debug\cv_mask.exe
c:\users\ptx01\documents\git\cv_mask\cv_mask\debug\cv_mask.pdb
c:\users\ptx01\documents\git\cv_mask\cv_mask\cv_mask\debug\nativecodeanalysis.read.1.tlog
c:\users\ptx01\documents\git\cv_mask\cv_mask\cv_mask\debug\vc.nativecodeanalysis.all.xml
c:\users\ptx01\documents\git\cv_mask\cv_mask\debug\cv_mask.exe.lastcodeanalysissucceeded
c:\users\ptx01\documents\git\cv_mask\cv_mask\cv_mask\debug\cv_mask.tlog\cl.command.1.tlog
c:\users\ptx01\documents\git\cv_mask\cv_mask\cv_mask\debug\cv_mask.tlog\cl.read.1.tlog
c:\users\ptx01\documents\git\cv_mask\cv_mask\cv_mask\debug\cv_mask.tlog\cl.write.1.tlog
c:\users\ptx01\documents\git\cv_mask\cv_mask\cv_mask\debug\cv_mask.tlog\link.command.1.tlog
c:\users\ptx01\documents\git\cv_mask\cv_mask\cv_mask\debug\cv_mask.tlog\link.read.1.tlog
c:\users\ptx01\documents\git\cv_mask\cv_mask\cv_mask\debug\cv_mask.tlog\link.write.1.tlog
